#
# There is insufficient memory for the Java Runtime Environment to continue.
# Native memory allocation (malloc) failed to allocate 2055872 bytes for Chunk::new
# Possible reasons:
#   The system is out of physical RAM or swap space
#   The process is running with CompressedOops enabled, and the Java Heap may be blocking the growth of the native heap
# Possible solutions:
#   Reduce memory load on the system
#   Increase physical memory or swap space
#   Check if swap backing store is full
#   Decrease Java heap size (-Xmx/-Xms)
#   Decrease number of Java threads
#   Decrease Java thread stack sizes (-Xss)
#   Set larger code cache with -XX:ReservedCodeCacheSize=
#   JVM is running with Unscaled Compressed Oops mode in which the Java heap is
#     placed in the first 4GB address space. The Java Heap base address is the
#     maximum limit for the native heap growth. Please use -XX:HeapBaseMinAddress
#     to set the Java Heap base and to place the Java Heap above 4GB virtual address.
# This output file may be truncated or incomplete.
#
#  Out of Memory Error (arena.cpp:184), pid=6960, tid=13152
#
# JRE version: Java(TM) SE Runtime Environment (19.0+36) (build 19+36-2238)
# Java VM: Java HotSpot(TM) 64-Bit Server VM (19+36-2238, mixed mode, sharing, tiered, compressed oops, compressed class ptrs, g1 gc, windows-amd64)
# No core dump will be written. Minidumps are not enabled by default on client versions of Windows
#

---------------  S U M M A R Y ------------

Command Line: -Dcom.sun.management.jmxremote -Dcom.sun.management.jmxremote.port=52787 -Dcom.sun.management.jmxremote.authenticate=false -Dcom.sun.management.jmxremote.ssl=false -Djava.rmi.server.hostname=localhost -Dspring.application.admin.enabled=true -Dspring.jmx.enabled=true -Dspring.boot.project.name=academicservices -XX:+ShowCodeDetailsInExceptionMessages com.ibik.academicservices.academicservices.AcademicservicesApplication

Host: AMD Ryzen 5 3500U with Radeon Vega Mobile Gfx  , 8 cores, 6G,  Windows 11 , 64 bit Build 22621 (10.0.22621.608)
Time: Sun Oct 23 23:24:51 2022 SE Asia Standard Time elapsed time: 25.874979 seconds (0d 0h 0m 25s)

---------------  T H R E A D  ---------------

Current thread (0x000002095a65cac0):  JavaThread "C2 CompilerThread0" daemon [_thread_in_native, id=13152, stack(0x000000803f400000,0x000000803f500000)]


Current CompileTask:
C2:  25875 6504   !   4       org.springframework.util.ReflectionUtils::doWithMethods (207 bytes)

Stack: [0x000000803f400000,0x000000803f500000]
Native frames: (J=compiled Java code, j=interpreted, Vv=VM code, C=native code)
V  [jvm.dll+0x6ee8fa]
V  [jvm.dll+0x857a1e]
V  [jvm.dll+0x85940e]
V  [jvm.dll+0x859ac3]
V  [jvm.dll+0x28291f]
V  [jvm.dll+0xc9b5f]
V  [jvm.dll+0xc9ee5]
V  [jvm.dll+0x3bcbac]
V  [jvm.dll+0x386201]
V  [jvm.dll+0x38567a]
V  [jvm.dll+0x24c2c9]
V  [jvm.dll+0x24b671]
V  [jvm.dll+0x1d6d61]
V  [jvm.dll+0x25b0fa]
V  [jvm.dll+0x259588]
V  [jvm.dll+0x807928]
V  [jvm.dll+0x8015fa]
V  [jvm.dll+0x6ed5eb]
C  [ucrtbase.dll+0x29363]
C  [KERNEL32.DLL+0x1244d]
C  [ntdll.dll+0x5df78]


---------------  P R O C E S S  ---------------

Threads class SMR info:
_java_thread_list=0x000002096022d270, length=38, elements={
0x000002095a64d4e0, 0x000002095a64ffc0, 0x000002095a650d10, 0x000002095a653a50,
0x000002095a6546c0, 0x000002095a6571a0, 0x000002095a65cac0, 0x000002095a6675f0,
0x000002095a66b390, 0x000002095a622450, 0x000002095e919ee0, 0x000002095ee48f20,
0x000002095ee49c70, 0x000002095f218ec0, 0x000002095efd9a70, 0x000002095ef9ddb0,
0x000002095f07dfd0, 0x000002095f1e0980, 0x000002095f1e0ed0, 0x000002095f1df990,
0x000002095f1e1420, 0x000002096044e590, 0x0000020960450020, 0x000002096044b5c0,
0x0000020960451010, 0x000002096044b070, 0x000002096044c060, 0x0000020960451560,
0x000002096044ab20, 0x000002096044a5d0, 0x000002096044d5a0, 0x000002096044c5b0,
0x000002096044e040, 0x000002096044cb00, 0x000002096044f580, 0x000002096044eae0,
0x000002096044f030, 0x0000020960450570
}

Java Threads: ( => current thread )
  0x000002095a64d4e0 JavaThread "Reference Handler" daemon [_thread_blocked, id=2812, stack(0x000000803ee00000,0x000000803ef00000)]
  0x000002095a64ffc0 JavaThread "Finalizer" daemon [_thread_blocked, id=17680, stack(0x000000803ef00000,0x000000803f000000)]
  0x000002095a650d10 JavaThread "Signal Dispatcher" daemon [_thread_blocked, id=4228, stack(0x000000803f000000,0x000000803f100000)]
  0x000002095a653a50 JavaThread "Attach Listener" daemon [_thread_blocked, id=6772, stack(0x000000803f100000,0x000000803f200000)]
  0x000002095a6546c0 JavaThread "Service Thread" daemon [_thread_blocked, id=21604, stack(0x000000803f200000,0x000000803f300000)]
  0x000002095a6571a0 JavaThread "Monitor Deflation Thread" daemon [_thread_blocked, id=16848, stack(0x000000803f300000,0x000000803f400000)]
=>0x000002095a65cac0 JavaThread "C2 CompilerThread0" daemon [_thread_in_native, id=13152, stack(0x000000803f400000,0x000000803f500000)]
  0x000002095a6675f0 JavaThread "C1 CompilerThread0" daemon [_thread_blocked, id=18744, stack(0x000000803f500000,0x000000803f600000)]
  0x000002095a66b390 JavaThread "Sweeper thread" daemon [_thread_blocked, id=19952, stack(0x000000803f600000,0x000000803f700000)]
  0x000002095a622450 JavaThread "Common-Cleaner" daemon [_thread_blocked, id=7088, stack(0x000000803f700000,0x000000803f800000)]
  0x000002095e919ee0 JavaThread "Notification Thread" daemon [_thread_blocked, id=24212, stack(0x000000803f800000,0x000000803f900000)]
  0x000002095ee48f20 JavaThread "RMI TCP Accept-0" daemon [_thread_in_native, id=1732, stack(0x000000803f900000,0x000000803fa00000)]
  0x000002095ee49c70 JavaThread "RMI TCP Accept-0" daemon [_thread_in_native, id=1956, stack(0x000000803fa00000,0x000000803fb00000)]
  0x000002095f218ec0 JavaThread "RMI TCP Accept-52787" daemon [_thread_in_native, id=17800, stack(0x000000803fb00000,0x000000803fc00000)]
  0x000002095efd9a70 JavaThread "RMI TCP Connection(1)-127.0.0.1" daemon [_thread_in_native, id=4436, stack(0x000000803fd00000,0x000000803fe00000)]
  0x000002095ef9ddb0 JavaThread "RMI Scheduler(0)" daemon [_thread_blocked, id=17148, stack(0x000000803fe00000,0x000000803ff00000)]
  0x000002095f07dfd0 JavaThread "JMX server connection timeout 28" daemon [_thread_blocked, id=17172, stack(0x000000803ff00000,0x0000008040000000)]
  0x000002095f1e0980 JavaThread "mysql-cj-abandoned-connection-cleanup" daemon [_thread_blocked, id=1248, stack(0x0000008040900000,0x0000008040a00000)]
  0x000002095f1e0ed0 JavaThread "Catalina-utility-1" [_thread_blocked, id=18872, stack(0x0000008040b00000,0x0000008040c00000)]
  0x000002095f1df990 JavaThread "Catalina-utility-2" [_thread_blocked, id=22872, stack(0x0000008040c00000,0x0000008040d00000)]
  0x000002095f1e1420 JavaThread "container-0" [_thread_blocked, id=5436, stack(0x0000008040d00000,0x0000008040e00000)]
  0x000002096044e590 JavaThread "HikariPool-1 housekeeper" daemon [_thread_blocked, id=5584, stack(0x0000008040f00000,0x0000008041000000)]
  0x0000020960450020 JavaThread "RMI TCP Connection(2)-127.0.0.1" daemon [_thread_in_native, id=424, stack(0x0000008041000000,0x0000008041100000)]
  0x000002096044b5c0 JavaThread "File Watcher" daemon [_thread_in_native, id=25588, stack(0x0000008041100000,0x0000008041200000)]
  0x0000020960451010 JavaThread "Live Reload Server" daemon [_thread_in_native, id=5024, stack(0x0000008041200000,0x0000008041300000)]
  0x000002096044b070 JavaThread "http-nio-8080-exec-1" daemon [_thread_blocked, id=2464, stack(0x0000008041300000,0x0000008041400000)]
  0x000002096044c060 JavaThread "http-nio-8080-exec-2" daemon [_thread_blocked, id=25860, stack(0x0000008041400000,0x0000008041500000)]
  0x0000020960451560 JavaThread "http-nio-8080-exec-3" daemon [_thread_blocked, id=22472, stack(0x0000008041500000,0x0000008041600000)]
  0x000002096044ab20 JavaThread "http-nio-8080-exec-4" daemon [_thread_blocked, id=6676, stack(0x0000008041600000,0x0000008041700000)]
  0x000002096044a5d0 JavaThread "http-nio-8080-exec-5" daemon [_thread_blocked, id=18716, stack(0x0000008041700000,0x0000008041800000)]
  0x000002096044d5a0 JavaThread "http-nio-8080-exec-6" daemon [_thread_blocked, id=17184, stack(0x0000008041800000,0x0000008041900000)]
  0x000002096044c5b0 JavaThread "http-nio-8080-exec-7" daemon [_thread_blocked, id=17640, stack(0x0000008041900000,0x0000008041a00000)]
  0x000002096044e040 JavaThread "http-nio-8080-exec-8" daemon [_thread_blocked, id=23040, stack(0x0000008041a00000,0x0000008041b00000)]
  0x000002096044cb00 JavaThread "http-nio-8080-exec-9" daemon [_thread_blocked, id=10148, stack(0x0000008041b00000,0x0000008041c00000)]
  0x000002096044f580 JavaThread "http-nio-8080-exec-10" daemon [_thread_blocked, id=23136, stack(0x0000008041c00000,0x0000008041d00000)]
  0x000002096044eae0 JavaThread "http-nio-8080-Poller" daemon [_thread_in_native, id=23556, stack(0x0000008041d00000,0x0000008041e00000)]
  0x000002096044f030 JavaThread "http-nio-8080-Acceptor" daemon [_thread_in_native, id=21528, stack(0x0000008041e00000,0x0000008041f00000)]
  0x0000020960450570 JavaThread "DestroyJavaVM" [_thread_blocked, id=10752, stack(0x000000803e700000,0x000000803e800000)]

Other Threads:
  0x000002095a6302a0 VMThread "VM Thread" [stack: 0x000000803ed00000,0x000000803ee00000] [id=27520]
  0x000002095f331020 WatcherThread "VM Periodic Task Thread" [stack: 0x000000803fc00000,0x000000803fd00000] [id=15268]
  0x000002093a824510 WorkerThread "GC Thread#0" [stack: 0x000000803e800000,0x000000803e900000] [id=25604]
  0x000002095f327a20 WorkerThread "GC Thread#1" [stack: 0x0000008040000000,0x0000008040100000] [id=17696]
  0x000002095f281350 WorkerThread "GC Thread#2" [stack: 0x0000008040100000,0x0000008040200000] [id=5488]
  0x000002095f282160 WorkerThread "GC Thread#3" [stack: 0x0000008040200000,0x0000008040300000] [id=25820]
  0x000002095f2829d0 WorkerThread "GC Thread#4" [stack: 0x0000008040300000,0x0000008040400000] [id=18928]
  0x000002095f281620 WorkerThread "GC Thread#5" [stack: 0x0000008040400000,0x0000008040500000] [id=21740]
  0x000002095f281e90 WorkerThread "GC Thread#6" [stack: 0x0000008040500000,0x0000008040600000] [id=20428]
  0x000002095f282700 WorkerThread "GC Thread#7" [stack: 0x0000008040600000,0x0000008040700000] [id=14268]
  0x000002093a833570 ConcurrentGCThread "G1 Main Marker" [stack: 0x000000803e900000,0x000000803ea00000] [id=11624]
  0x000002093a834740 WorkerThread "G1 Conc#0" [stack: 0x000000803ea00000,0x000000803eb00000] [id=15236]
  0x000002095f281bc0 WorkerThread "G1 Conc#1" [stack: 0x0000008040a00000,0x0000008040b00000] [id=18660]
  0x000002095a4ea550 ConcurrentGCThread "G1 Refine#0" [stack: 0x000000803eb00000,0x000000803ec00000] [id=3436]
  0x000002095a4eb090 ConcurrentGCThread "G1 Service" [stack: 0x000000803ec00000,0x000000803ed00000] [id=8788]

Threads with active compile tasks:
C2 CompilerThread0    25931 6504   !   4       org.springframework.util.ReflectionUtils::doWithMethods (207 bytes)

VM state: not at safepoint (normal execution)

VM Mutex/Monitor currently owned by a thread: None

Heap address: 0x0000000091000000, size: 1776 MB, Compressed Oops mode: 32-bit

CDS archive(s) mapped at: [0x0000000800000000-0x0000000800c40000-0x0000000800c40000), size 12845056, SharedBaseAddress: 0x0000000800000000, ArchiveRelocationMode: 0.
Compressed class space mapped at: 0x0000000801000000-0x0000000841000000, reserved size: 1073741824
Narrow klass base: 0x0000000800000000, Narrow klass shift: 0, Narrow klass range: 0x100000000

GC Precious Log:
 CardTable entry size: 512
 Card Set container configuration: InlinePtr #cards 5 size 8 Array Of Cards #cards 12 size 40 Howl #buckets 4 coarsen threshold 1843 Howl Bitmap #cards 512 size 80 coarsen threshold 460 Card regions per heap region 1 cards per card region 2048
 CPUs: 8 total, 8 available
 Memory: 7103M
 Large Page Support: Disabled
 NUMA Support: Disabled
 Compressed Oops: Enabled (32-bit)
 Heap Region Size: 1M
 Heap Min Capacity: 8M
 Heap Initial Capacity: 112M
 Heap Max Capacity: 1776M
 Pre-touch: Disabled
 Parallel Workers: 8
 Concurrent Workers: 2
 Concurrent Refinement Workers: 8
 Periodic GC: Disabled

Heap:
 garbage-first heap   total 55296K, used 42643K [0x0000000091000000, 0x0000000100000000)
  region size 1024K, 14 young (14336K), 1 survivors (1024K)
 Metaspace       used 61800K, committed 62400K, reserved 1114112K
  class space    used 8153K, committed 8448K, reserved 1048576K

Heap Regions: E=young(eden), S=young(survivor), O=old, HS=humongous(starts), HC=humongous(continues), CS=collection set, F=free, OA=open archive, CA=closed archive, TAMS=top-at-mark-start (previous, next)
|   0|0x0000000091000000, 0x0000000091100000, 0x0000000091100000|100%|HS|  |TAMS 0x0000000091100000, 0x0000000091000000| Complete 
|   1|0x0000000091100000, 0x0000000091200000, 0x0000000091200000|100%| O|  |TAMS 0x0000000091200000, 0x0000000091100000| Untracked 
|   2|0x0000000091200000, 0x0000000091300000, 0x0000000091300000|100%| O|  |TAMS 0x0000000091300000, 0x0000000091200000| Untracked 
|   3|0x0000000091300000, 0x0000000091400000, 0x0000000091400000|100%| O|  |TAMS 0x0000000091400000, 0x0000000091300000| Untracked 
|   4|0x0000000091400000, 0x0000000091500000, 0x0000000091500000|100%| O|  |TAMS 0x0000000091500000, 0x0000000091400000| Untracked 
|   5|0x0000000091500000, 0x0000000091600000, 0x0000000091600000|100%| O|  |TAMS 0x0000000091600000, 0x0000000091500000| Untracked 
|   6|0x0000000091600000, 0x0000000091700000, 0x0000000091700000|100%| O|  |TAMS 0x0000000091700000, 0x0000000091600000| Untracked 
|   7|0x0000000091700000, 0x0000000091800000, 0x0000000091800000|100%| O|  |TAMS 0x0000000091800000, 0x0000000091700000| Untracked 
|   8|0x0000000091800000, 0x0000000091900000, 0x0000000091900000|100%| O|  |TAMS 0x0000000091900000, 0x0000000091800000| Untracked 
|   9|0x0000000091900000, 0x0000000091a00000, 0x0000000091a00000|100%| O|  |TAMS 0x0000000091a00000, 0x0000000091900000| Untracked 
|  10|0x0000000091a00000, 0x0000000091b00000, 0x0000000091b00000|100%| O|  |TAMS 0x0000000091b00000, 0x0000000091a00000| Untracked 
|  11|0x0000000091b00000, 0x0000000091c00000, 0x0000000091c00000|100%| O|  |TAMS 0x0000000091c00000, 0x0000000091b00000| Untracked 
|  12|0x0000000091c00000, 0x0000000091d00000, 0x0000000091d00000|100%| O|  |TAMS 0x0000000091c00000, 0x0000000091c00000| Untracked 
|  13|0x0000000091d00000, 0x0000000091e00000, 0x0000000091e00000|100%| O|  |TAMS 0x0000000091e00000, 0x0000000091d00000| Untracked 
|  14|0x0000000091e00000, 0x0000000091e00000, 0x0000000091f00000|  0%| F|  |TAMS 0x0000000091e00000, 0x0000000091e00000| Untracked 
|  15|0x0000000091f00000, 0x0000000092000000, 0x0000000092000000|100%| O|  |TAMS 0x0000000092000000, 0x0000000091f00000| Untracked 
|  16|0x0000000092000000, 0x0000000092100000, 0x0000000092100000|100%| O|  |TAMS 0x0000000092100000, 0x0000000092000000| Untracked 
|  17|0x0000000092100000, 0x0000000092200000, 0x0000000092200000|100%| O|  |TAMS 0x0000000092200000, 0x0000000092100000| Untracked 
|  18|0x0000000092200000, 0x0000000092300000, 0x0000000092300000|100%| O|  |TAMS 0x0000000092300000, 0x0000000092200000| Untracked 
|  19|0x0000000092300000, 0x0000000092400000, 0x0000000092400000|100%| O|  |TAMS 0x0000000092400000, 0x0000000092300000| Untracked 
|  20|0x0000000092400000, 0x0000000092500000, 0x0000000092500000|100%| O|  |TAMS 0x0000000092500000, 0x0000000092400000| Untracked 
|  21|0x0000000092500000, 0x0000000092600000, 0x0000000092600000|100%| O|  |TAMS 0x0000000092600000, 0x0000000092500000| Untracked 
|  22|0x0000000092600000, 0x0000000092700000, 0x0000000092700000|100%| O|  |TAMS 0x0000000092700000, 0x0000000092600000| Untracked 
|  23|0x0000000092700000, 0x0000000092800000, 0x0000000092800000|100%| O|  |TAMS 0x0000000092800000, 0x0000000092700000| Untracked 
|  24|0x0000000092800000, 0x0000000092900000, 0x0000000092900000|100%| O|  |TAMS 0x0000000092900000, 0x0000000092800000| Untracked 
|  25|0x0000000092900000, 0x0000000092a00000, 0x0000000092a00000|100%| O|  |TAMS 0x0000000092a00000, 0x0000000092900000| Untracked 
|  26|0x0000000092a00000, 0x0000000092b00000, 0x0000000092b00000|100%| O|  |TAMS 0x0000000092b00000, 0x0000000092a00000| Untracked 
|  27|0x0000000092b00000, 0x0000000092c00000, 0x0000000092c00000|100%| O|  |TAMS 0x0000000092c00000, 0x0000000092b00000| Untracked 
|  28|0x0000000092c00000, 0x0000000092d00000, 0x0000000092d00000|100%| O|  |TAMS 0x0000000092d00000, 0x0000000092c00000| Untracked 
|  29|0x0000000092d00000, 0x0000000092e00000, 0x0000000092e00000|100%| O|  |TAMS 0x0000000092d1a200, 0x0000000092d00000| Untracked 
|  30|0x0000000092e00000, 0x0000000092e35400, 0x0000000092f00000| 20%| O|  |TAMS 0x0000000092e00000, 0x0000000092e00000| Untracked 
|  31|0x0000000092f00000, 0x0000000092f00000, 0x0000000093000000|  0%| F|  |TAMS 0x0000000092f00000, 0x0000000092f00000| Untracked 
|  32|0x0000000093000000, 0x0000000093000000, 0x0000000093100000|  0%| F|  |TAMS 0x0000000093000000, 0x0000000093000000| Untracked 
|  33|0x0000000093100000, 0x0000000093100000, 0x0000000093200000|  0%| F|  |TAMS 0x0000000093100000, 0x0000000093100000| Untracked 
|  34|0x0000000093200000, 0x0000000093200000, 0x0000000093300000|  0%| F|  |TAMS 0x0000000093200000, 0x0000000093200000| Untracked 
|  35|0x0000000093300000, 0x0000000093300000, 0x0000000093400000|  0%| F|  |TAMS 0x0000000093300000, 0x0000000093300000| Untracked 
|  36|0x0000000093400000, 0x0000000093400000, 0x0000000093500000|  0%| F|  |TAMS 0x0000000093400000, 0x0000000093400000| Untracked 
|  37|0x0000000093500000, 0x0000000093500000, 0x0000000093600000|  0%| F|  |TAMS 0x0000000093500000, 0x0000000093500000| Untracked 
|  38|0x0000000093600000, 0x0000000093600000, 0x0000000093700000|  0%| F|  |TAMS 0x0000000093600000, 0x0000000093600000| Untracked 
|  39|0x0000000093700000, 0x0000000093700000, 0x0000000093800000|  0%| F|  |TAMS 0x0000000093700000, 0x0000000093700000| Untracked 
|  40|0x0000000093800000, 0x000000009387b410, 0x0000000093900000| 48%| E|  |TAMS 0x0000000093800000, 0x0000000093800000| Complete 
|  41|0x0000000093900000, 0x0000000093a00000, 0x0000000093a00000|100%| E|CS|TAMS 0x0000000093900000, 0x0000000093900000| Complete 
|  42|0x0000000093a00000, 0x0000000093b00000, 0x0000000093b00000|100%| E|CS|TAMS 0x0000000093a00000, 0x0000000093a00000| Complete 
|  43|0x0000000093b00000, 0x0000000093c00000, 0x0000000093c00000|100%| E|CS|TAMS 0x0000000093b00000, 0x0000000093b00000| Complete 
|  44|0x0000000093c00000, 0x0000000093d00000, 0x0000000093d00000|100%| E|CS|TAMS 0x0000000093c00000, 0x0000000093c00000| Complete 
|  45|0x0000000093d00000, 0x0000000093e00000, 0x0000000093e00000|100%| E|CS|TAMS 0x0000000093d00000, 0x0000000093d00000| Complete 
|  46|0x0000000093e00000, 0x0000000093f00000, 0x0000000093f00000|100%| E|CS|TAMS 0x0000000093e00000, 0x0000000093e00000| Complete 
|  65|0x0000000095100000, 0x0000000095200000, 0x0000000095200000|100%| E|CS|TAMS 0x0000000095100000, 0x0000000095100000| Complete 
|  66|0x0000000095200000, 0x0000000095300000, 0x0000000095300000|100%| E|CS|TAMS 0x0000000095200000, 0x0000000095200000| Complete 
|  67|0x0000000095300000, 0x0000000095400000, 0x0000000095400000|100%| E|CS|TAMS 0x0000000095300000, 0x0000000095300000| Complete 
|  68|0x0000000095400000, 0x0000000095500000, 0x0000000095500000|100%| E|CS|TAMS 0x0000000095400000, 0x0000000095400000| Complete 
|  69|0x0000000095500000, 0x0000000095600000, 0x0000000095600000|100%| E|CS|TAMS 0x0000000095500000, 0x0000000095500000| Complete 
| 110|0x0000000097e00000, 0x0000000097e6f960, 0x0000000097f00000| 43%| S|CS|TAMS 0x0000000097e00000, 0x0000000097e00000| Complete 
| 111|0x0000000097f00000, 0x0000000098000000, 0x0000000098000000|100%| E|CS|TAMS 0x0000000097f00000, 0x0000000097f00000| Complete 

Card table byte_map: [0x0000020953cf0000,0x0000020954070000] _byte_map_base: 0x0000020953868000

Marking Bits (Prev, Next): (CMBitMap*) 0x000002093a824b40, (CMBitMap*) 0x000002093a824b80
 Prev Bits: [0x00000209543f0000, 0x0000020955fb0000)
 Next Bits: [0x0000020955fb0000, 0x0000020957b70000)

Polling page: 0x000002093a880000

Metaspace:

Usage:
  Non-class:     52.39 MB used.
      Class:      7.96 MB used.
       Both:     60.35 MB used.

Virtual space:
  Non-class space:       64.00 MB reserved,      52.69 MB ( 82%) committed,  1 nodes.
      Class space:        1.00 GB reserved,       8.25 MB ( <1%) committed,  1 nodes.
             Both:        1.06 GB reserved,      60.94 MB (  6%) committed. 

Chunk freelists:
   Non-Class:  2.91 MB
       Class:  3.72 MB
        Both:  6.62 MB

MaxMetaspaceSize: unlimited
CompressedClassSpaceSize: 1.00 GB
Initial GC threshold: 21.00 MB
Current GC threshold: 98.44 MB
CDS: on
MetaspaceReclaimPolicy: balanced
 - commit_granule_bytes: 65536.
 - commit_granule_words: 8192.
 - virtual_space_node_default_size: 8388608.
 - enlarge_chunks_in_place: 1.
 - new_chunks_are_fully_committed: 0.
 - uncommit_free_chunks: 1.
 - use_allocation_guard: 0.


Internal statistics:

num_allocs_failed_limit: 8.
num_arena_births: 884.
num_arena_deaths: 26.
num_vsnodes_births: 2.
num_vsnodes_deaths: 0.
num_space_committed: 975.
num_space_uncommitted: 0.
num_chunks_returned_to_freelist: 47.
num_chunks_taken_from_freelist: 3171.
num_chunk_merges: 12.
num_chunk_splits: 2173.
num_chunks_enlarged: 1656.
num_inconsistent_stats: 0.

CodeHeap 'non-profiled nmethods': size=120000Kb used=3167Kb max_used=3167Kb free=116832Kb
 bounds [0x000002094b9e0000, 0x000002094bd00000, 0x0000020952f10000]
CodeHeap 'profiled nmethods': size=120000Kb used=11894Kb max_used=11894Kb free=108105Kb
 bounds [0x0000020943f10000, 0x0000020944ab0000, 0x000002094b440000]
CodeHeap 'non-nmethods': size=5760Kb used=1407Kb max_used=1453Kb free=4353Kb
 bounds [0x000002094b440000, 0x000002094b6b0000, 0x000002094b9e0000]
 total_blobs=6473 nmethods=5818 adapters=564
 compilation: enabled
              stopped_count=0, restarted_count=0
 full_count=0

Compilation events (20 events):
Event: 25.207 Thread 0x000002095a6675f0 6779   !   3       org.springframework.util.ConcurrentReferenceHashMap$Segment::doTask (179 bytes)
Event: 25.210 Thread 0x000002095a6675f0 nmethod 6779 0x0000020944aab010 code [0x0000020944aab3c0, 0x0000020944aacd68]
Event: 25.300 Thread 0x000002095a6675f0 6780       2       java.lang.Long::hashCode (8 bytes)
Event: 25.300 Thread 0x000002095a6675f0 nmethod 6780 0x000002094482de10 code [0x000002094482dfa0, 0x000002094482e098]
Event: 25.300 Thread 0x000002095a6675f0 6781       2       java.io.File::equals (28 bytes)
Event: 25.301 Thread 0x000002095a6675f0 nmethod 6781 0x0000020944aad910 code [0x0000020944aadac0, 0x0000020944aadce8]
Event: 25.301 Thread 0x000002095a6675f0 6782       2       java.io.File::compareTo (9 bytes)
Event: 25.301 Thread 0x000002095a6675f0 nmethod 6782 0x0000020944aade10 code [0x0000020944aadfc0, 0x0000020944aae108]
Event: 25.333 Thread 0x000002095a65cac0 nmethod 6618 0x000002094bce4590 code [0x000002094bce4f60, 0x000002094bcec8d8]
Event: 25.335 Thread 0x000002095a65cac0 6524       4       org.springframework.util.ConcurrentReferenceHashMap$Segment::findInChain (66 bytes)
Event: 25.346 Thread 0x000002095a65cac0 nmethod 6524 0x000002094bcf3010 code [0x000002094bcf31e0, 0x000002094bcf3608]
Event: 25.346 Thread 0x000002095a65cac0 6528   !   4       org.springframework.beans.factory.support.DefaultSingletonBeanRegistry::getSingleton (147 bytes)
Event: 25.383 Thread 0x000002095a65cac0 nmethod 6528 0x000002094bcf3910 code [0x000002094bcf3b80, 0x000002094bcf4868]
Event: 25.383 Thread 0x000002095a65cac0 6683       4       org.springframework.core.annotation.TypeMappedAnnotations::from (24 bytes)
Event: 25.440 Thread 0x000002095a65cac0 nmethod 6683 0x000002094bcf5310 code [0x000002094bcf5580, 0x000002094bcf6580]
Event: 25.440 Thread 0x000002095a65cac0 6537       4       org.springframework.boot.context.properties.source.ConfigurationPropertyName$Elements::charAt (49 bytes)
Event: 25.450 Thread 0x000002095a65cac0 nmethod 6537 0x000002094bcf7090 code [0x000002094bcf7260, 0x000002094bcf7558]
Event: 25.450 Thread 0x000002095a65cac0 6516       4       java.lang.invoke.LambdaForm$Name::useCount (51 bytes)
Event: 25.456 Thread 0x000002095a65cac0 nmethod 6516 0x000002094bcf7890 code [0x000002094bcf7a20, 0x000002094bcf7b98]
Event: 25.457 Thread 0x000002095a65cac0 6504   !   4       org.springframework.util.ReflectionUtils::doWithMethods (207 bytes)

GC Heap History (20 events):
Event: 10.811 GC heap before
{Heap before GC invocations=14 (full 0):
 garbage-first heap   total 55296K, used 41689K [0x0000000091000000, 0x0000000100000000)
  region size 1024K, 21 young (21504K), 1 survivors (1024K)
 Metaspace       used 44922K, committed 45440K, reserved 1114112K
  class space    used 5830K, committed 6080K, reserved 1048576K
}
Event: 10.815 GC heap after
{Heap after GC invocations=15 (full 0):
 garbage-first heap   total 55296K, used 23920K [0x0000000091000000, 0x0000000100000000)
  region size 1024K, 2 young (2048K), 2 survivors (2048K)
 Metaspace       used 44922K, committed 45440K, reserved 1114112K
  class space    used 5830K, committed 6080K, reserved 1048576K
}
Event: 12.259 GC heap before
{Heap before GC invocations=15 (full 0):
 garbage-first heap   total 55296K, used 42352K [0x0000000091000000, 0x0000000100000000)
  region size 1024K, 21 young (21504K), 2 survivors (2048K)
 Metaspace       used 50068K, committed 50560K, reserved 1114112K
  class space    used 6484K, committed 6720K, reserved 1048576K
}
Event: 12.263 GC heap after
{Heap after GC invocations=16 (full 0):
 garbage-first heap   total 55296K, used 25183K [0x0000000091000000, 0x0000000100000000)
  region size 1024K, 2 young (2048K), 2 survivors (2048K)
 Metaspace       used 50068K, committed 50560K, reserved 1114112K
  class space    used 6484K, committed 6720K, reserved 1048576K
}
Event: 13.737 GC heap before
{Heap before GC invocations=16 (full 0):
 garbage-first heap   total 55296K, used 41567K [0x0000000091000000, 0x0000000100000000)
  region size 1024K, 19 young (19456K), 2 survivors (2048K)
 Metaspace       used 54124K, committed 54592K, reserved 1114112K
  class space    used 7149K, committed 7360K, reserved 1048576K
}
Event: 13.741 GC heap after
{Heap after GC invocations=17 (full 0):
 garbage-first heap   total 55296K, used 25818K [0x0000000091000000, 0x0000000100000000)
  region size 1024K, 2 young (2048K), 2 survivors (2048K)
 Metaspace       used 54124K, committed 54592K, reserved 1114112K
  class space    used 7149K, committed 7360K, reserved 1048576K
}
Event: 15.603 GC heap before
{Heap before GC invocations=17 (full 0):
 garbage-first heap   total 55296K, used 44250K [0x0000000091000000, 0x0000000100000000)
  region size 1024K, 20 young (20480K), 2 survivors (2048K)
 Metaspace       used 56282K, committed 56768K, reserved 1114112K
  class space    used 7369K, committed 7616K, reserved 1048576K
}
Event: 15.610 GC heap after
{Heap after GC invocations=18 (full 0):
 garbage-first heap   total 55296K, used 26702K [0x0000000091000000, 0x0000000100000000)
  region size 1024K, 2 young (2048K), 2 survivors (2048K)
 Metaspace       used 56282K, committed 56768K, reserved 1114112K
  class space    used 7369K, committed 7616K, reserved 1048576K
}
Event: 17.020 GC heap before
{Heap before GC invocations=18 (full 0):
 garbage-first heap   total 55296K, used 44110K [0x0000000091000000, 0x0000000100000000)
  region size 1024K, 19 young (19456K), 2 survivors (2048K)
 Metaspace       used 57640K, committed 58112K, reserved 1114112K
  class space    used 7568K, committed 7808K, reserved 1048576K
}
Event: 17.025 GC heap after
{Heap after GC invocations=19 (full 0):
 garbage-first heap   total 55296K, used 27809K [0x0000000091000000, 0x0000000100000000)
  region size 1024K, 3 young (3072K), 3 survivors (3072K)
 Metaspace       used 57640K, committed 58112K, reserved 1114112K
  class space    used 7568K, committed 7808K, reserved 1048576K
}
Event: 20.087 GC heap before
{Heap before GC invocations=20 (full 0):
 garbage-first heap   total 55296K, used 44193K [0x0000000091000000, 0x0000000100000000)
  region size 1024K, 19 young (19456K), 3 survivors (3072K)
 Metaspace       used 59026K, committed 59584K, reserved 1114112K
  class space    used 7774K, committed 8064K, reserved 1048576K
}
Event: 20.093 GC heap after
{Heap after GC invocations=21 (full 0):
 garbage-first heap   total 55296K, used 29382K [0x0000000091000000, 0x0000000100000000)
  region size 1024K, 3 young (3072K), 3 survivors (3072K)
 Metaspace       used 59026K, committed 59584K, reserved 1114112K
  class space    used 7774K, committed 8064K, reserved 1048576K
}
Event: 20.123 GC heap before
{Heap before GC invocations=21 (full 0):
 garbage-first heap   total 55296K, used 30406K [0x0000000091000000, 0x0000000100000000)
  region size 1024K, 4 young (4096K), 3 survivors (3072K)
 Metaspace       used 59049K, committed 59648K, reserved 1114112K
  class space    used 7777K, committed 8064K, reserved 1048576K
}
Event: 20.129 GC heap after
{Heap after GC invocations=22 (full 0):
 garbage-first heap   total 55296K, used 29311K [0x0000000091000000, 0x0000000100000000)
  region size 1024K, 1 young (1024K), 1 survivors (1024K)
 Metaspace       used 59049K, committed 59648K, reserved 1114112K
  class space    used 7777K, committed 8064K, reserved 1048576K
}
Event: 21.317 GC heap before
{Heap before GC invocations=22 (full 0):
 garbage-first heap   total 55296K, used 43647K [0x0000000091000000, 0x0000000100000000)
  region size 1024K, 15 young (15360K), 1 survivors (1024K)
 Metaspace       used 59875K, committed 60480K, reserved 1114112K
  class space    used 7875K, committed 8192K, reserved 1048576K
}
Event: 21.320 GC heap after
{Heap after GC invocations=23 (full 0):
 garbage-first heap   total 55296K, used 29515K [0x0000000091000000, 0x0000000100000000)
  region size 1024K, 1 young (1024K), 1 survivors (1024K)
 Metaspace       used 59875K, committed 60480K, reserved 1114112K
  class space    used 7875K, committed 8192K, reserved 1048576K
}
Event: 23.363 GC heap before
{Heap before GC invocations=24 (full 0):
 garbage-first heap   total 55296K, used 43851K [0x0000000091000000, 0x0000000100000000)
  region size 1024K, 15 young (15360K), 1 survivors (1024K)
 Metaspace       used 60656K, committed 61248K, reserved 1114112K
  class space    used 8006K, committed 8320K, reserved 1048576K
}
Event: 23.384 GC heap after
{Heap after GC invocations=25 (full 0):
 garbage-first heap   total 55296K, used 30578K [0x0000000091000000, 0x0000000100000000)
  region size 1024K, 2 young (2048K), 2 survivors (2048K)
 Metaspace       used 60656K, committed 61248K, reserved 1114112K
  class space    used 8006K, committed 8320K, reserved 1048576K
}
Event: 23.393 GC heap before
{Heap before GC invocations=25 (full 0):
 garbage-first heap   total 55296K, used 31602K [0x0000000091000000, 0x0000000100000000)
  region size 1024K, 3 young (3072K), 2 survivors (2048K)
 Metaspace       used 60656K, committed 61248K, reserved 1114112K
  class space    used 8006K, committed 8320K, reserved 1048576K
}
Event: 23.400 GC heap after
{Heap after GC invocations=26 (full 0):
 garbage-first heap   total 55296K, used 30355K [0x0000000091000000, 0x0000000100000000)
  region size 1024K, 1 young (1024K), 1 survivors (1024K)
 Metaspace       used 60656K, committed 61248K, reserved 1114112K
  class space    used 8006K, committed 8320K, reserved 1048576K
}

Dll operation events (11 events):
Event: 0.016 Loaded shared library C:\Program Files\Java\jdk-19\bin\java.dll
Event: 0.034 Loaded shared library C:\Program Files\Java\jdk-19\bin\jsvml.dll
Event: 0.239 Loaded shared library C:\Program Files\Java\jdk-19\bin\jimage.dll
Event: 0.251 Loaded shared library C:\Program Files\Java\jdk-19\bin\net.dll
Event: 0.254 Loaded shared library C:\Program Files\Java\jdk-19\bin\nio.dll
Event: 0.258 Loaded shared library C:\Program Files\Java\jdk-19\bin\zip.dll
Event: 0.359 Loaded shared library C:\Program Files\Java\jdk-19\bin\management.dll
Event: 0.380 Loaded shared library C:\Program Files\Java\jdk-19\bin\management_ext.dll
Event: 0.745 Loaded shared library C:\Program Files\Java\jdk-19\bin\extnet.dll
Event: 0.841 Loaded shared library C:\Program Files\Java\jdk-19\bin\verify.dll
Event: 6.101 Loaded shared library C:\Program Files\Java\jdk-19\bin\sunmscapi.dll

Deoptimization events (20 events):
Event: 24.696 Thread 0x000002095f1e1ec0 DEOPT PACKING pc=0x000002094483510d sp=0x00000080408fdc50
Event: 24.696 Thread 0x000002095f1e1ec0 DEOPT UNPACKING pc=0x000002094b4a7543 sp=0x00000080408fd110 mode 0
Event: 24.696 Thread 0x000002095f1e1ec0 Uncommon trap: trap_request=0xffffffde fr.pc=0x000002094bc4705c relative=0x000000000000013c
Event: 24.696 Thread 0x000002095f1e1ec0 Uncommon trap: reason=class_check action=maybe_recompile pc=0x000002094bc4705c method=java.lang.reflect.Method.equals(Ljava/lang/Object;)Z @ 1 c2
Event: 24.696 Thread 0x000002095f1e1ec0 DEOPT PACKING pc=0x000002094bc4705c sp=0x00000080408fda90
Event: 24.696 Thread 0x000002095f1e1ec0 DEOPT UNPACKING pc=0x000002094b4a6da3 sp=0x00000080408fda18 mode 2
Event: 24.744 Thread 0x000002095f1e1ec0 Uncommon trap: trap_request=0xffffff45 fr.pc=0x000002094bbd573c relative=0x000000000000071c
Event: 24.744 Thread 0x000002095f1e1ec0 Uncommon trap: reason=unstable_if action=reinterpret pc=0x000002094bbd573c method=org.springframework.core.annotation.AnnotationsScanner.isWithoutHierarchy(Ljava/lang/reflect/AnnotatedElement;Lorg/springframework/core/annotation/MergedAnnotations$SearchSt
Event: 24.744 Thread 0x000002095f1e1ec0 DEOPT PACKING pc=0x000002094bbd573c sp=0x00000080408fe0e0
Event: 24.744 Thread 0x000002095f1e1ec0 DEOPT UNPACKING pc=0x000002094b4a6da3 sp=0x00000080408fe0b0 mode 2
Event: 24.999 Thread 0x000002095f1e1ec0 Uncommon trap: trap_request=0xffffff45 fr.pc=0x000002094ba9f8d4 relative=0x00000000000009f4
Event: 24.999 Thread 0x000002095f1e1ec0 Uncommon trap: reason=unstable_if action=reinterpret pc=0x000002094ba9f8d4 method=java.lang.Integer.stringSize(I)I @ 19 c2
Event: 24.999 Thread 0x000002095f1e1ec0 DEOPT PACKING pc=0x000002094ba9f8d4 sp=0x00000080408fdaa0
Event: 24.999 Thread 0x000002095f1e1ec0 DEOPT UNPACKING pc=0x000002094b4a6da3 sp=0x00000080408fd9e8 mode 2
Event: 25.101 Thread 0x000002095f1e1ec0 DEOPT PACKING pc=0x0000020944aa6fc6 sp=0x00000080408fe300
Event: 25.101 Thread 0x000002095f1e1ec0 DEOPT UNPACKING pc=0x000002094b4a7543 sp=0x00000080408fd7d8 mode 0
Event: 25.176 Thread 0x000002095f1e1ec0 Uncommon trap: trap_request=0xffffff54 fr.pc=0x000002094baea1b8 relative=0x0000000000000158
Event: 25.176 Thread 0x000002095f1e1ec0 Uncommon trap: reason=speculate_null_assert action=make_not_entrant pc=0x000002094baea1b8 method=org.springframework.util.ConcurrentReferenceHashMap$Segment.restructureIfNecessary(Z)V @ 41 c2
Event: 25.176 Thread 0x000002095f1e1ec0 DEOPT PACKING pc=0x000002094baea1b8 sp=0x00000080408fe610
Event: 25.176 Thread 0x000002095f1e1ec0 DEOPT UNPACKING pc=0x000002094b4a6da3 sp=0x00000080408fe5a8 mode 2

Classes loaded (20 events):
Event: 25.025 Loading class java/util/TreeMap$ValueSpliterator
Event: 25.026 Loading class java/util/TreeMap$ValueSpliterator done
Event: 25.042 Loading class java/nio/channels/spi/AbstractSelector$1
Event: 25.043 Loading class java/nio/channels/spi/AbstractSelector$1 done
Event: 25.185 Loading class javax/management/ObjectName$PatternProperty
Event: 25.186 Loading class javax/management/ObjectName$PatternProperty done
Event: 25.189 Loading class com/sun/jmx/interceptor/DefaultMBeanServerInterceptor$ListenerWrapper
Event: 25.197 Loading class com/sun/jmx/interceptor/DefaultMBeanServerInterceptor$ListenerWrapper done
Event: 25.197 Loading class javax/management/NotificationBroadcasterSupport$ListenerInfo
Event: 25.197 Loading class javax/management/NotificationBroadcasterSupport$ListenerInfo done
Event: 25.216 Loading class java/beans/ThreadGroupContext
Event: 25.216 Loading class java/beans/ThreadGroupContext done
Event: 25.216 Loading class java/beans/ThreadGroupContext$1
Event: 25.216 Loading class java/beans/WeakIdentityMap
Event: 25.217 Loading class java/beans/WeakIdentityMap done
Event: 25.217 Loading class java/beans/ThreadGroupContext$1 done
Event: 25.217 Loading class java/beans/WeakIdentityMap$Entry
Event: 25.217 Loading class java/beans/WeakIdentityMap$Entry done
Event: 25.221 Loading class java/util/concurrent/Future$State
Event: 25.222 Loading class java/util/concurrent/Future$State done

Classes unloaded (13 events):
Event: 2.819 Thread 0x000002095a6302a0 Unloading class 0x0000000801084c00 'java/lang/invoke/LambdaForm$MH+0x0000000801084c00'
Event: 2.820 Thread 0x000002095a6302a0 Unloading class 0x0000000801084000 'java/lang/invoke/LambdaForm$MH+0x0000000801084000'
Event: 2.820 Thread 0x000002095a6302a0 Unloading class 0x0000000801083800 'java/lang/invoke/LambdaForm$MH+0x0000000801083800'
Event: 2.820 Thread 0x000002095a6302a0 Unloading class 0x0000000801083000 'java/lang/invoke/LambdaForm$DMH+0x0000000801083000'
Event: 2.820 Thread 0x000002095a6302a0 Unloading class 0x0000000801082c00 'jdk/internal/reflect/GeneratedSerializationConstructorAccessor5'
Event: 2.820 Thread 0x000002095a6302a0 Unloading class 0x0000000801082400 'jdk/internal/reflect/GeneratedSerializationConstructorAccessor3'
Event: 2.820 Thread 0x000002095a6302a0 Unloading class 0x0000000801081c00 'jdk/internal/reflect/GeneratedSerializationConstructorAccessor2'
Event: 2.820 Thread 0x000002095a6302a0 Unloading class 0x0000000801081400 'java/lang/invoke/LambdaForm$MH+0x0000000801081400'
Event: 2.820 Thread 0x000002095a6302a0 Unloading class 0x0000000801080c00 'java/lang/invoke/LambdaForm$DMH+0x0000000801080c00'
Event: 21.400 Thread 0x000002095a6302a0 Unloading class 0x00000008017b5000 'jdk/internal/reflect/GeneratedSerializationConstructorAccessor30'
Event: 21.400 Thread 0x000002095a6302a0 Unloading class 0x00000008017b4c00 'jdk/internal/reflect/GeneratedSerializationConstructorAccessor29'
Event: 21.400 Thread 0x000002095a6302a0 Unloading class 0x00000008017b4800 'jdk/internal/reflect/GeneratedSerializationConstructorAccessor28'
Event: 21.400 Thread 0x000002095a6302a0 Unloading class 0x00000008017b4000 'jdk/internal/reflect/GeneratedSerializationConstructorAccessor27'

Classes redefined (0 events):
No events

Internal exceptions (20 events):
Event: 23.306 Thread 0x0000020960450020 Exception <a 'java/lang/ClassNotFoundException'{0x00000000938074a0}: org/springframework/context/support/LiveBeansView> (0x00000000938074a0) 
thrown [s\open\src\hotspot\share\classfile\systemDictionary.cpp, line 255]
Event: 23.306 Thread 0x0000020960450020 Exception <a 'java/lang/ClassNotFoundException'{0x0000000093807870}: org/springframework/context/support/LiveBeansView> (0x0000000093807870) 
thrown [s\open\src\hotspot\share\classfile\systemDictionary.cpp, line 255]
Event: 23.306 Thread 0x0000020960450020 Exception <a 'java/lang/ClassNotFoundException'{0x0000000093807c38}: org/springframework/context/support/LiveBeansView> (0x0000000093807c38) 
thrown [s\open\src\hotspot\share\classfile\systemDictionary.cpp, line 255]
Event: 23.306 Thread 0x0000020960450020 Exception <a 'java/lang/ClassNotFoundException'{0x0000000093808000}: org/springframework/context/support/LiveBeansView> (0x0000000093808000) 
thrown [s\open\src\hotspot\share\classfile\systemDictionary.cpp, line 255]
Event: 23.306 Thread 0x0000020960450020 Exception <a 'java/lang/ClassNotFoundException'{0x00000000938083c8}: org/springframework/context/support/LiveBeansView> (0x00000000938083c8) 
thrown [s\open\src\hotspot\share\classfile\systemDictionary.cpp, line 255]
Event: 23.306 Thread 0x0000020960450020 Exception <a 'java/lang/ClassNotFoundException'{0x0000000093808770}: org/springframework/context/support/LiveBeansView> (0x0000000093808770) 
thrown [s\open\src\hotspot\share\classfile\systemDictionary.cpp, line 255]
Event: 23.306 Thread 0x0000020960450020 Exception <a 'java/lang/ClassNotFoundException'{0x0000000093808b30}: org/springframework/context/support/LiveBeansView> (0x0000000093808b30) 
thrown [s\open\src\hotspot\share\classfile\systemDictionary.cpp, line 255]
Event: 23.306 Thread 0x0000020960450020 Exception <a 'java/lang/ClassNotFoundException'{0x0000000093808ee0}: org/springframework/context/support/LiveBeansView> (0x0000000093808ee0) 
thrown [s\open\src\hotspot\share\classfile\systemDictionary.cpp, line 255]
Event: 23.417 Thread 0x0000020960450020 Exception <a 'java/lang/ClassNotFoundException'{0x0000000097f7db10}: org/springframework/context/support/LiveBeansView> (0x0000000097f7db10) 
thrown [s\open\src\hotspot\share\classfile\systemDictionary.cpp, line 255]
Event: 23.417 Thread 0x0000020960450020 Exception <a 'java/lang/ClassNotFoundException'{0x0000000097f7dee0}: org/springframework/context/support/LiveBeansView> (0x0000000097f7dee0) 
thrown [s\open\src\hotspot\share\classfile\systemDictionary.cpp, line 255]
Event: 23.417 Thread 0x0000020960450020 Exception <a 'java/lang/ClassNotFoundException'{0x0000000097f7e298}: org/springframework/context/support/LiveBeansView> (0x0000000097f7e298) 
thrown [s\open\src\hotspot\share\classfile\systemDictionary.cpp, line 255]
Event: 23.417 Thread 0x0000020960450020 Exception <a 'java/lang/ClassNotFoundException'{0x0000000097f7e650}: org/springframework/context/support/LiveBeansView> (0x0000000097f7e650) 
thrown [s\open\src\hotspot\share\classfile\systemDictionary.cpp, line 255]
Event: 23.896 Thread 0x000002095f1e1ec0 Exception <a 'java/lang/NoSuchMethodError'{0x00000000954fc830}: 'int java.lang.invoke.DirectMethodHandle$Holder.invokeStatic(java.lang.Object, java.lang.Object, java.lang.Object, java.lang.Object, java.lang.Object)'> (0x00000000954fc830) 
thrown [s\open\src\hotspot\share\interpreter\linkResolver.cpp, line 774]
Event: 23.997 Thread 0x000002095f1e1ec0 Exception <a 'java/lang/ClassNotFoundException'{0x00000000952148a8}: java/lang/ObjectCustomizer> (0x00000000952148a8) 
thrown [s\open\src\hotspot\share\classfile\systemDictionary.cpp, line 255]
Event: 23.998 Thread 0x000002095f1e1ec0 Exception <a 'java/lang/ClassNotFoundException'{0x000000009521c098}: org/springframework/boot/actuate/autoconfigure/metrics/task/TaskExecutorMetricsAutoConfigurationCustomizer> (0x000000009521c098) 
thrown [s\open\src\hotspot\share\classfile\systemDictionary.cpp, line 255]
Event: 24.056 Thread 0x000002095f1e1ec0 Implicit null exception at 0x000002094bb3815a to 0x000002094bb38390
Event: 24.585 Thread 0x000002095f1e1ec0 Exception <a 'java/lang/NoSuchMethodError'{0x0000000093c476b0}: 'java.lang.Object java.lang.invoke.DirectMethodHandle$Holder.invokeVirtual(java.lang.Object, java.lang.Object, java.lang.Object, java.lang.Object, java.lang.Object, java.lang.Object, java.lang.Object, java.lang.Object, java.lang.Object)'> (0x0000000093c476b0) 
thrown [s\open\src\hotspot\share\interpreter\linkResolver.cpp, line 774]
Event: 24.833 Thread 0x000002095f1e1ec0 Exception <a 'java/lang/NoSuchMethodError'{0x0000000093a8cc80}: 'java.lang.Object java.lang.invoke.DirectMethodHandle$Holder.invokeSpecial(java.lang.Object, java.lang.Object, int, java.lang.Object, int, java.lang.Object)'> (0x0000000093a8cc80) 
thrown [s\open\src\hotspot\share\interpreter\linkResolver.cpp, line 774]
Event: 24.835 Thread 0x000002095f1e1ec0 Exception <a 'java/lang/NoSuchMethodError'{0x0000000093a94f38}: 'java.lang.Object java.lang.invoke.DirectMethodHandle$Holder.newInvokeSpecial(java.lang.Object, java.lang.Object, int, java.lang.Object, int)'> (0x0000000093a94f38) 
thrown [s\open\src\hotspot\share\interpreter\linkResolver.cpp, line 774]
Event: 24.836 Thread 0x000002095f1e1ec0 Exception <a 'java/lang/NoSuchMethodError'{0x0000000093a99050}: 'java.lang.Object java.lang.invoke.DirectMethodHandle$Holder.invokeSpecial(java.lang.Object, java.lang.Object, java.lang.Object, int, java.lang.Object, int)'> (0x0000000093a99050) 
thrown [s\open\src\hotspot\share\interpreter\linkResolver.cpp, line 774]

VM Operations (20 events):
Event: 21.582 Executing VM operation: G1PauseCleanup
Event: 21.674 Executing VM operation: G1PauseCleanup done
Event: 22.536 Executing VM operation: HandshakeAllThreads
Event: 22.537 Executing VM operation: HandshakeAllThreads done
Event: 23.270 Executing VM operation: HandshakeAllThreads
Event: 23.271 Executing VM operation: HandshakeAllThreads done
Event: 23.271 Executing VM operation: Cleanup
Event: 23.271 Executing VM operation: Cleanup done
Event: 23.317 Executing VM operation: G1CollectForAllocation
Event: 23.391 Executing VM operation: G1CollectForAllocation done
Event: 23.391 Executing VM operation: G1CollectForAllocation
Event: 23.402 Executing VM operation: G1CollectForAllocation done
Event: 23.856 Executing VM operation: HandshakeAllThreads
Event: 23.856 Executing VM operation: HandshakeAllThreads done
Event: 23.870 Executing VM operation: HandshakeAllThreads
Event: 23.870 Executing VM operation: HandshakeAllThreads done
Event: 24.874 Executing VM operation: Cleanup
Event: 24.874 Executing VM operation: Cleanup done
Event: 25.176 Executing VM operation: HandshakeAllThreads
Event: 25.176 Executing VM operation: HandshakeAllThreads done

Events (20 events):
Event: 24.164 Thread 0x000002096044b5c0 Thread added: 0x000002096044b5c0
Event: 24.178 Thread 0x000002096044c5b0 Thread added: 0x000002096044c5b0
Event: 24.528 Thread 0x000002096044c5b0 Thread exited: 0x000002096044c5b0
Event: 24.536 Thread 0x0000020960451010 Thread added: 0x0000020960451010
Event: 24.894 Thread 0x000002096044b070 Thread added: 0x000002096044b070
Event: 24.894 Thread 0x000002096044c060 Thread added: 0x000002096044c060
Event: 24.895 Thread 0x0000020960451560 Thread added: 0x0000020960451560
Event: 24.895 Thread 0x000002096044ab20 Thread added: 0x000002096044ab20
Event: 24.895 Thread 0x000002096044a5d0 Thread added: 0x000002096044a5d0
Event: 24.895 Thread 0x000002096044d5a0 Thread added: 0x000002096044d5a0
Event: 24.896 Thread 0x000002096044c5b0 Thread added: 0x000002096044c5b0
Event: 24.896 Thread 0x000002096044e040 Thread added: 0x000002096044e040
Event: 24.896 Thread 0x000002096044cb00 Thread added: 0x000002096044cb00
Event: 24.897 Thread 0x000002096044f580 Thread added: 0x000002096044f580
Event: 25.020 Thread 0x000002096044eae0 Thread added: 0x000002096044eae0
Event: 25.024 Thread 0x000002096044f030 Thread added: 0x000002096044f030
Event: 25.216 Thread 0x000002095f1e1ec0 Thread exited: 0x000002095f1e1ec0
Event: 25.222 Thread 0x000002095f257880 Thread exited: 0x000002095f257880
Event: 25.224 Thread 0x000002093a7c4160 Thread exited: 0x000002093a7c4160
Event: 25.224 Thread 0x0000020960450570 Thread added: 0x0000020960450570


Dynamic libraries:
0x00007ff7a11c0000 - 0x00007ff7a11d0000 	C:\Program Files\Java\jdk-19\bin\java.exe
0x00007ffc50d10000 - 0x00007ffc50f24000 	C:\WINDOWS\SYSTEM32\ntdll.dll
0x00007ffc50420000 - 0x00007ffc504e2000 	C:\WINDOWS\System32\KERNEL32.DLL
0x00007ffc4e140000 - 0x00007ffc4e4dc000 	C:\WINDOWS\System32\KERNELBASE.dll
0x00007ffc4e7b0000 - 0x00007ffc4e8c1000 	C:\WINDOWS\System32\ucrtbase.dll
0x00007ffc03560000 - 0x00007ffc03578000 	C:\Program Files\Java\jdk-19\bin\jli.dll
0x00007ffbfc500000 - 0x00007ffbfc51b000 	C:\Program Files\Java\jdk-19\bin\VCRUNTIME140.dll
0x00007ffc50c20000 - 0x00007ffc50cce000 	C:\WINDOWS\System32\ADVAPI32.dll
0x00007ffc500c0000 - 0x00007ffc50167000 	C:\WINDOWS\System32\msvcrt.dll
0x00007ffc504f0000 - 0x00007ffc50594000 	C:\WINDOWS\System32\sechost.dll
0x00007ffc4f8e0000 - 0x00007ffc4f9f5000 	C:\WINDOWS\System32\RPCRT4.dll
0x00007ffc505a0000 - 0x00007ffc5074a000 	C:\WINDOWS\System32\USER32.dll
0x00007ffc4eae0000 - 0x00007ffc4eb06000 	C:\WINDOWS\System32\win32u.dll
0x00007ffc50380000 - 0x00007ffc503a9000 	C:\WINDOWS\System32\GDI32.dll
0x00007ffc4e690000 - 0x00007ffc4e7a2000 	C:\WINDOWS\System32\gdi32full.dll
0x00007ffc34af0000 - 0x00007ffc34d7e000 	C:\WINDOWS\WinSxS\amd64_microsoft.windows.common-controls_6595b64144ccf1df_6.0.22621.608_none_a9444ca7c10bb01d\COMCTL32.dll
0x00007ffc4e8d0000 - 0x00007ffc4e96a000 	C:\WINDOWS\System32\msvcp_win.dll
0x00007ffc46310000 - 0x00007ffc4631a000 	C:\WINDOWS\SYSTEM32\VERSION.dll
0x00007ffc50080000 - 0x00007ffc500b1000 	C:\WINDOWS\System32\IMM32.DLL
0x00007ffc03550000 - 0x00007ffc0355c000 	C:\Program Files\Java\jdk-19\bin\vcruntime140_1.dll
0x00007ffbe4450000 - 0x00007ffbe44de000 	C:\Program Files\Java\jdk-19\bin\msvcp140.dll
0x00007ffb866b0000 - 0x00007ffb87370000 	C:\Program Files\Java\jdk-19\bin\server\jvm.dll
0x00007ffc260d0000 - 0x00007ffc260d9000 	C:\WINDOWS\SYSTEM32\WSOCK32.dll
0x00007ffc4f770000 - 0x00007ffc4f7e1000 	C:\WINDOWS\System32\WS2_32.dll
0x00007ffc4aee0000 - 0x00007ffc4af14000 	C:\WINDOWS\SYSTEM32\WINMM.dll
0x00007ffc4d1c0000 - 0x00007ffc4d1d8000 	C:\WINDOWS\SYSTEM32\kernel.appcore.dll
0x00007ffc03510000 - 0x00007ffc0351a000 	C:\Program Files\Java\jdk-19\bin\jimage.dll
0x00007ffc4b720000 - 0x00007ffc4b94e000 	C:\WINDOWS\SYSTEM32\DBGHELP.DLL
0x00007ffc4fcf0000 - 0x00007ffc50079000 	C:\WINDOWS\System32\combase.dll
0x00007ffc4f7f0000 - 0x00007ffc4f8c7000 	C:\WINDOWS\System32\OLEAUT32.dll
0x00007ffc2b440000 - 0x00007ffc2b472000 	C:\WINDOWS\SYSTEM32\dbgcore.DLL
0x00007ffc4e550000 - 0x00007ffc4e5cb000 	C:\WINDOWS\System32\bcryptPrimitives.dll
0x00007ffbe4420000 - 0x00007ffbe4446000 	C:\Program Files\Java\jdk-19\bin\java.dll
0x00007ffbad960000 - 0x00007ffbada37000 	C:\Program Files\Java\jdk-19\bin\jsvml.dll
0x00007ffc4eb10000 - 0x00007ffc4f2ed000 	C:\WINDOWS\System32\SHELL32.dll
0x00007ffc4c1a0000 - 0x00007ffc4ca57000 	C:\WINDOWS\SYSTEM32\windows.storage.dll
0x00007ffc4c060000 - 0x00007ffc4c19d000 	C:\WINDOWS\SYSTEM32\wintypes.dll
0x00007ffc50260000 - 0x00007ffc50351000 	C:\WINDOWS\System32\SHCORE.dll
0x00007ffc50a70000 - 0x00007ffc50ace000 	C:\WINDOWS\System32\shlwapi.dll
0x00007ffc4e070000 - 0x00007ffc4e091000 	C:\WINDOWS\SYSTEM32\profapi.dll
0x00007ffbed270000 - 0x00007ffbed283000 	C:\Program Files\Java\jdk-19\bin\net.dll
0x00007ffc45d40000 - 0x00007ffc45e6f000 	C:\WINDOWS\SYSTEM32\WINHTTP.dll
0x00007ffc4d620000 - 0x00007ffc4d689000 	C:\WINDOWS\system32\mswsock.dll
0x00007ffbe5750000 - 0x00007ffbe5766000 	C:\Program Files\Java\jdk-19\bin\nio.dll
0x00007ffbe4400000 - 0x00007ffbe4418000 	C:\Program Files\Java\jdk-19\bin\zip.dll
0x00007ffbfc4f0000 - 0x00007ffbfc4fa000 	C:\Program Files\Java\jdk-19\bin\management.dll
0x00007ffbf90c0000 - 0x00007ffbf90cb000 	C:\Program Files\Java\jdk-19\bin\management_ext.dll
0x00007ffc50360000 - 0x00007ffc50368000 	C:\WINDOWS\System32\PSAPI.DLL
0x00007ffc25900000 - 0x00007ffc25917000 	C:\WINDOWS\system32\napinsp.dll
0x00007ffc257f0000 - 0x00007ffc2580b000 	C:\WINDOWS\system32\pnrpnsp.dll
0x00007ffc4cd20000 - 0x00007ffc4ce12000 	C:\WINDOWS\SYSTEM32\DNSAPI.dll
0x00007ffc4ccb0000 - 0x00007ffc4ccdd000 	C:\WINDOWS\SYSTEM32\IPHLPAPI.DLL
0x00007ffc50230000 - 0x00007ffc50239000 	C:\WINDOWS\System32\NSI.dll
0x00007ffc257d0000 - 0x00007ffc257e1000 	C:\WINDOWS\System32\winrnr.dll
0x00007ffc450e0000 - 0x00007ffc450f5000 	C:\WINDOWS\system32\wshbth.dll
0x00007ffc23970000 - 0x00007ffc23991000 	C:\WINDOWS\system32\nlansp_c.dll
0x00007ffc438a0000 - 0x00007ffc438aa000 	C:\Windows\System32\rasadhlp.dll
0x00007ffc41980000 - 0x00007ffc41a03000 	C:\WINDOWS\System32\fwpuclnt.dll
0x00007ffc4d860000 - 0x00007ffc4d87b000 	C:\WINDOWS\SYSTEM32\CRYPTSP.dll
0x00007ffc4d130000 - 0x00007ffc4d165000 	C:\WINDOWS\system32\rsaenh.dll
0x00007ffc4d710000 - 0x00007ffc4d738000 	C:\WINDOWS\SYSTEM32\USERENV.dll
0x00007ffc4da20000 - 0x00007ffc4da48000 	C:\WINDOWS\SYSTEM32\bcrypt.dll
0x00007ffc4d880000 - 0x00007ffc4d88c000 	C:\WINDOWS\SYSTEM32\CRYPTBASE.dll
0x00007ffc46480000 - 0x00007ffc46499000 	C:\WINDOWS\SYSTEM32\dhcpcsvc6.DLL
0x00007ffc45d20000 - 0x00007ffc45d3f000 	C:\WINDOWS\SYSTEM32\dhcpcsvc.DLL
0x00007ffbf8cf0000 - 0x00007ffbf8cf8000 	C:\Program Files\Java\jdk-19\bin\extnet.dll
0x00007ffbf0580000 - 0x00007ffbf0590000 	C:\Program Files\Java\jdk-19\bin\verify.dll
0x00007ffbedd60000 - 0x00007ffbedd6e000 	C:\Program Files\Java\jdk-19\bin\sunmscapi.dll
0x00007ffc4e970000 - 0x00007ffc4ead6000 	C:\WINDOWS\System32\CRYPT32.dll
0x00007ffc4d9f0000 - 0x00007ffc4da1d000 	C:\WINDOWS\SYSTEM32\ncrypt.dll
0x00007ffc4d9b0000 - 0x00007ffc4d9e7000 	C:\WINDOWS\SYSTEM32\NTASN1.dll
0x00007ffbf9ca0000 - 0x00007ffbf9ca8000 	C:\WINDOWS\system32\wshunix.dll

dbghelp: loaded successfully - version: 4.0.5 - missing functions: none
symbol engine: initialized successfully - sym options: 0x614 - pdb path: .;C:\Program Files\Java\jdk-19\bin;C:\WINDOWS\SYSTEM32;C:\WINDOWS\WinSxS\amd64_microsoft.windows.common-controls_6595b64144ccf1df_6.0.22621.608_none_a9444ca7c10bb01d;C:\Program Files\Java\jdk-19\bin\server

VM Arguments:
jvm_args: -Dcom.sun.management.jmxremote -Dcom.sun.management.jmxremote.port=52787 -Dcom.sun.management.jmxremote.authenticate=false -Dcom.sun.management.jmxremote.ssl=false -Djava.rmi.server.hostname=localhost -Dspring.application.admin.enabled=true -Dspring.jmx.enabled=true -Dspring.boot.project.name=academicservices -XX:+ShowCodeDetailsInExceptionMessages 
java_command: com.ibik.academicservices.academicservices.AcademicservicesApplication
java_class_path (initial): C:\Users\mervi\OneDrive\Dokumen\GitHub\TMS-TI-20-PA-202310016\academicservices\target\classes;C:\Users\mervi\.m2\repository\org\springframework\boot\spring-boot-starter-web\2.7.4\spring-boot-starter-web-2.7.4.jar;C:\Users\mervi\.m2\repository\org\springframework\boot\spring-boot-starter\2.7.4\spring-boot-starter-2.7.4.jar;C:\Users\mervi\.m2\repository\org\springframework\boot\spring-boot-starter-logging\2.7.4\spring-boot-starter-logging-2.7.4.jar;C:\Users\mervi\.m2\repository\ch\qos\logback\logback-classic\1.2.11\logback-classic-1.2.11.jar;C:\Users\mervi\.m2\repository\ch\qos\logback\logback-core\1.2.11\logback-core-1.2.11.jar;C:\Users\mervi\.m2\repository\org\apache\logging\log4j\log4j-to-slf4j\2.17.2\log4j-to-slf4j-2.17.2.jar;C:\Users\mervi\.m2\repository\org\apache\logging\log4j\log4j-api\2.17.2\log4j-api-2.17.2.jar;C:\Users\mervi\.m2\repository\org\slf4j\jul-to-slf4j\1.7.36\jul-to-slf4j-1.7.36.jar;C:\Users\mervi\.m2\repository\jakarta\annotation\jakarta.annotation-api\1.3.5\jakarta.annotation-api-1.3.5.jar;C:\Users\mervi\.m2\repository\org\yaml\snakeyaml\1.30\snakeyaml-1.30.jar;C:\Users\mervi\.m2\repository\org\springframework\boot\spring-boot-starter-json\2.7.4\spring-boot-starter-json-2.7.4.jar;C:\Users\mervi\.m2\repository\com\fasterxml\jackson\core\jackson-databind\2.13.4\jackson-databind-2.13.4.jar;C:\Users\mervi\.m2\repository\com\fasterxml\jackson\core\jackson-annotations\2.13.4\jackson-annotations-2.13.4.jar;C:\Users\mervi\.m2\repository\com\fasterxml\jackson\core\jackson-core\2.13.4\jackson-core-2.13.4.jar;C:\Users\mervi\.m2\repository\com\fasterxml\jackson\datatype\jackson-datatype-jdk8\2.13.4\jackson-datatype-jdk8-2.13.4.jar;C:\Users\mervi\.m2\repository\com\fasterxml\jackson\datatype\jackson-datatype-jsr310\2.13.4\jackson-datatype-jsr310-2.13.4.jar;C:\Users\mervi\.m2\repository\com\fasterxml\jackson\module\jackson-module-parameter-names\2.13.4\jackson-module-parameter-names-2.13.4.jar;C:\Users\mervi\.m2\repository\org\springframework\boot\spring-boot-starter-tomcat\2.7.4\spring-boot-starter-tomcat-2.7.4.jar;C:\Users\mervi\.m2\repository\org\apache\tomcat\embed\tomcat-embed-core\9.0.65\tomcat-embed-core-9.0.65.jar;C:\Users\mervi\.m2\repository\org\apache\tomcat\embed\tomcat-embed-websocket\9.0.65\tomcat-embed-websocket-9.0.65.jar;C:\Users\mervi\.m2\repository\org\springframework\spring-web\5.3.23\spring-web-5.3.23.jar;C:\Users\mervi\.m2\repository\org\springframework\spring-beans\5.3.23\spring-beans-5.3.23.jar;C:\Users\mervi\.m2\repository\org\springframework\spring-webmvc\5.3.23\spring-webmvc-5.3.23.jar;C:\Users\mervi\.m2\repository\org\springframework\spring-aop\5.3.23\spring-aop-5.3.23.jar;C:\Users\mervi\.m2\repository\org\springframework\spring-context\5.3.23\spring-context-5.3.23.jar;C:\Users\mervi\.m2\repository\org\springframework\spring-expression\5.3.23\spring-expression-5.3.23.jar;C:\Users\mervi\.m2\repository\org\springframework\boot\spring-boot-starter-actuator\2.7.4\spring-boot-starter-actuator-2.7.4.jar;C:\Users\mervi\.m2\repository\org\springframework\boot\spring-boot-actuator-autoconfigure\2.7.4\spring-boot-actuator-autoconfigure-2.7.4.jar;C:\Users\mervi\.m2\repository\org\springframework\boot\spring-boot-actuator\2.7.4\spring-boot-actuator-2.7.4.jar;C:\Users\mervi\.m2\repository\io\micrometer\micrometer-core\1.9.4\micrometer-core-1.9.4.jar;C:\Users\mervi\.m2\repository\org\hdrhistogram\HdrHistogram\2.1.12\HdrHistogram-2.1.12.jar;C:\Users\mervi\.m2\repository\org\latencyutils\LatencyUtils\2.0.3\LatencyUtils-2.0.3.jar;C:\Users\mervi\.m2\repository\org\springframework\boot\spring-boot-devtools\2.7.4\spring-boot-devtools-2.7.4.jar;C:\Users\mervi\.m2\repository\org\springframework\boot\spring-boot\2.7.4\spring-boot-2.7.4.jar;C:\Users\mervi\.m2\repository\org\springframework\boot\spring-boot-autoconfigure\2.7.4\spring-boot-autoconfigure-2.7.4.jar;C:\Users\mervi\.m2\repository\org\slf4j\slf4j-api\1.7.36\slf4j-api-1.7.36.jar;C:\Users\mervi\.m2\repository\jakarta\xml\bind\jakarta.xml.bind-api\2.3.3\jakarta.xml.bind-api-2.3.3.jar;C:\Users\mervi\.m2\repository\jakarta\activation\jakarta.activation-api\1.2.2\jakarta.activation-api-1.2.2.jar;C:\Users\mervi\.m2\repository\net\bytebuddy\byte-buddy\1.12.17\byte-buddy-1.12.17.jar;C:\Users\mervi\.m2\repository\org\springframework\spring-core\5.3.23\spring-core-5.3.23.jar;C:\Users\mervi\.m2\repository\org\springframework\spring-jcl\5.3.23\spring-jcl-5.3.23.jar;C:\Users\mervi\.m2\repository\mysql\mysql-connector-java\8.0.30\mysql-connector-java-8.0.30.jar;C:\Users\mervi\.m2\repository\org\springframework\boot\spring-boot-starter-data-jpa\2.7.4\spring-boot-starter-data-jpa-2.7.4.jar;C:\Users\mervi\.m2\repository\org\springframework\boot\spring-boot-starter-aop\2.7.4\spring-boot-starter-aop-2.7.4.jar;C:\Users\mervi\.m2\repository\org\aspectj\aspectjweaver\1.9.7\aspectjweaver-1.9.7.jar;C:\Users\mervi\.m2\repository\org\springframework\boot\spring-boot-starter-jdbc\2.7.4\spring-boot-starter-jdbc-2.7.4.jar;C:\Users\mervi\.m2\repository\com\zaxxer\HikariCP\4.0.3\HikariCP-4.0.3.jar;C:\Users\mervi\.m2\repository\org\springframework\spring-jdbc\5.3.23\spring-jdbc-5.3.23.jar;C:\Users\mervi\.m2\repository\jakarta\transaction\jakarta.transaction-api\1.3.3\jakarta.transaction-api-1.3.3.jar;C:\Users\mervi\.m2\repository\jakarta\persistence\jakarta.persistence-api\2.2.3\jakarta.persistence-api-2.2.3.jar;C:\Users\mervi\.m2\repository\org\hibernate\hibernate-core\5.6.11.Final\hibernate-core-5.6.11.Final.jar;C:\Users\mervi\.m2\repository\org\jboss\logging\jboss-logging\3.4.3.Final\jboss-logging-3.4.3.Final.jar;C:\Users\mervi\.m2\repository\antlr\antlr\2.7.7\antlr-2.7.7.jar;C:\Users\mervi\.m2\repository\org\jboss\jandex\2.4.2.Final\jandex-2.4.2.Final.jar;C:\Users\mervi\.m2\repository\com\fasterxml\classmate\1.5.1\classmate-1.5.1.jar;C:\Users\mervi\.m2\repository\org\hibernate\common\hibernate-commons-annotations\5.1.2.Final\hibernate-commons-annotations-5.1.2.Final.jar;C:\Users\mervi\.m2\repository\org\glassfish\jaxb\jaxb-runtime\2.3.6\jaxb-runtime-2.3.6.jar;C:\Users\mervi\.m2\repository\org\glassfish\jaxb\txw2\2.3.6\txw2-2.3.6.jar;C:\Users\mervi\.m2\repository\com\sun\istack\istack-commons-runtime\3.0.12\istack-commons-runtime-3.0.12.jar;C:\Users\mervi\.m2\repository\com\sun\activation\jakarta.activation\1.2.2\jakarta.activation-1.2.2.jar;C:\Users\mervi\.m2\repository\org\springframework\data\spring-data-jpa\2.7.3\spring-data-jpa-2.7.3.jar;C:\Users\mervi\.m2\repository\org\springframework\data\spring-data-commons\2.7.3\spring-data-commons-2.7.3.jar;C:\Users\mervi\.m2\repository\org\springframework\spring-orm\5.3.23\spring-orm-5.3.23.jar;C:\Users\mervi\.m2\repository\org\springframework\spring-tx\5.3.23\spring-tx-5.3.23.jar;C:\Users\mervi\.m2\repository\org\springframework\spring-aspects\5.3.23\spring-aspects-5.3.23.jar;C:\Users\mervi\.m2\repository\org\springframework\boot\spring-boot-starter-validation\2.7.4\spring-boot-starter-validation-2.7.4.jar;C:\Users\mervi\.m2\repository\org\apache\tomcat\embed\tomcat-embed-el\9.0.65\tomcat-embed-el-9.0.65.jar;C:\Users\mervi\.m2\repository\org\hibernate\validator\hibernate-validator\6.2.5.Final\hibernate-validator-6.2.5.Final.jar;C:\Users\mervi\.m2\repository\jakarta\validation\jakarta.validation-api\2.0.2\jakarta.validation-api-2.0.2.jar
Launcher Type: SUN_STANDARD

[Global flags]
     intx CICompilerCount                          = 4                                         {product} {ergonomic}
     uint ConcGCThreads                            = 2                                         {product} {ergonomic}
     uint G1ConcRefinementThreads                  = 8                                         {product} {ergonomic}
   size_t G1HeapRegionSize                         = 1048576                                   {product} {ergonomic}
    uintx GCDrainStackTargetSize                   = 64                                        {product} {ergonomic}
   size_t InitialHeapSize                          = 117440512                                 {product} {ergonomic}
     bool ManagementServer                         = true                                      {product} {command line}
   size_t MarkStackSize                            = 4194304                                   {product} {ergonomic}
   size_t MaxHeapSize                              = 1862270976                                {product} {ergonomic}
   size_t MaxNewSize                               = 1116733440                                {product} {ergonomic}
   size_t MinHeapDeltaBytes                        = 1048576                                   {product} {ergonomic}
   size_t MinHeapSize                              = 8388608                                   {product} {ergonomic}
    uintx NonNMethodCodeHeapSize                   = 5839372                                {pd product} {ergonomic}
    uintx NonProfiledCodeHeapSize                  = 122909434                              {pd product} {ergonomic}
    uintx ProfiledCodeHeapSize                     = 122909434                              {pd product} {ergonomic}
    uintx ReservedCodeCacheSize                    = 251658240                              {pd product} {ergonomic}
     bool SegmentedCodeCache                       = true                                      {product} {ergonomic}
     bool ShowCodeDetailsInExceptionMessages       = true                                   {manageable} {command line}
   size_t SoftMaxHeapSize                          = 1862270976                             {manageable} {ergonomic}
     bool UseCompressedClassPointers               = true                           {product lp64_product} {ergonomic}
     bool UseCompressedOops                        = true                           {product lp64_product} {ergonomic}
     bool UseG1GC                                  = true                                      {product} {ergonomic}
     bool UseLargePagesIndividualAllocation        = false                                  {pd product} {ergonomic}

Logging:
Log output configuration:
 #0: stdout all=warning uptime,level,tags foldmultilines=false
 #1: stderr all=off uptime,level,tags foldmultilines=false

Environment Variables:
JAVA_HOME=C:\Program Files\Java\jdk-19
PATH=C:\Python310\Scripts\;C:\Python310\;C:\Program Files\Common Files\Oracle\Java\javapath;C:\Program Files (x86)\Common Files\Oracle\Java\javapath;C:\WINDOWS\system32;C:\WINDOWS;C:\WINDOWS\System32\Wbem;C:\WINDOWS\System32\WindowsPowerShell\v1.0\;C:\WINDOWS\System32\OpenSSH\;C:\Program Files\dotnet\;C:\FPC\3.2.0\bin\i386-Win32;C:\Program Files\Microsoft SQL Server\130\Tools\Binn\;C:\Program Files (x86)\dotnet\;C:\xampp\php;C:\ProgramData\ComposerSetup\bin;C:\FFmpeg\bin;C:\ProgramData\chocolatey\bin;C:\Program Files\Java\jdk-19;C:\Program Files\nodejs\;C:\Program Files\Git\cmd;C:\Gradle\gradle-7.5.1\bin;C:\Users\mervi\AppData\Local\Programs\Python\Python38-32\Scripts\;C:\Users\mervi\AppData\Local\Programs\Python\Python38-32\;C:\Users\mervi\AppData\Local\Microsoft\WindowsApps;C:\Users\mervi\AppData\Local\Programs\Microsoft VS Code\bin;C:\Program Files\mingw-w64\x86_64-8.1.0-posix-seh-rt_v6-rev0\mingw64\bin;C:\gnu\glo663wb\bin;C:\gnu\ctags58\ctags58;C:\Users\mervi\.dotnet\tools;C:\msys64\mingw64\bin;C:\Users\mervi\AppData\Local\GitHubDesktop\bin;C:\Program Files\apache-maven-3.8.3\bin;C:\Users\mervi\AppData\Roaming\Composer\vendor\bin;C:\Users\mervi\AppData\Local\Android\Sdk\platform-tools;C:\Users\mervi\AppData\Roaming\npm
USERNAME=mervi
LANG=en_GB.UTF-8
OS=Windows_NT
PROCESSOR_IDENTIFIER=AMD64 Family 23 Model 24 Stepping 1, AuthenticAMD
TMP=C:\Users\mervi\AppData\Local\Temp
TEMP=C:\Users\mervi\AppData\Local\Temp



---------------  S Y S T E M  ---------------

OS:
 Windows 11 , 64 bit Build 22621 (10.0.22621.608)
OS uptime: 3 days 10:31 hours

CPU: total 8 (initial active 8) (8 cores per cpu, 2 threads per core) family 23 model 24 stepping 1 microcode 0x0, cx8, cmov, fxsr, ht, mmx, 3dnowpref, sse, sse2, sse3, ssse3, sse4a, sse4.1, sse4.2, popcnt, lzcnt, tsc, tscinvbit, avx, avx2, aes, clmul, bmi1, bmi2, adx, sha, fma, vzeroupper, clflush, clflushopt, rdtscp

Memory: 4k page, system-wide physical 7103M (137M free)
TotalPageFile size 15295M (AvailPageFile size 7M)
current process WorkingSet (physical memory assigned to process): 227M, peak: 232M
current process commit charge ("private bytes"): 268M, peak: 271M

vm_info: Java HotSpot(TM) 64-Bit Server VM (19+36-2238) for windows-amd64 JRE (19+36-2238), built on 2022-08-12T20:29:01Z by "mach5one" with MS VC++ 17.1 (VS2022)

END.
